{"level":"info","message":"Server running in undefined mode on port 3000","timestamp":"2025-11-01T21:36:50.491Z"}
{"level":"info","message":"Server running in dev mode on port 3000","timestamp":"2025-11-01T22:02:07.312Z"}
{"level":"info","message":"Server running in dev mode on port 3000","timestamp":"2025-11-01T22:03:17.276Z"}
{"level":"info","message":"Server running in dev mode on port 3000","timestamp":"2025-11-01T22:40:41.446Z"}
{"level":"info","message":"Database connected","timestamp":"2025-11-01T22:40:41.458Z"}
{"level":"info","message":"Server running in dev mode on port 3000","timestamp":"2025-11-01T22:46:36.852Z"}
{"level":"info","message":"Database connected","timestamp":"2025-11-01T22:46:36.863Z"}
{"level":"info","message":"Server running in dev mode on port 3000","timestamp":"2025-11-01T22:46:51.260Z"}
{"level":"info","message":"Database connected","timestamp":"2025-11-01T22:46:51.268Z"}
{"level":"info","message":"Server running in dev mode on port 3000","timestamp":"2025-11-01T22:46:58.464Z"}
{"level":"info","message":"Database connected","timestamp":"2025-11-01T22:46:58.471Z"}
{"level":"info","message":"Server running in dev mode on port 3000","timestamp":"2025-11-01T22:52:07.811Z"}
{"level":"info","message":"Database connected","timestamp":"2025-11-01T22:52:07.819Z"}
{"level":"info","message":"Server running in dev mode on port 3000","timestamp":"2025-11-01T22:52:10.043Z"}
{"level":"info","message":"Database connected","timestamp":"2025-11-01T22:52:10.051Z"}
{"level":"info","message":"Server running in dev mode on port 3000","timestamp":"2025-11-01T22:54:11.569Z"}
{"level":"info","message":"Database connected","timestamp":"2025-11-01T22:54:11.577Z"}
{"level":"info","message":"Server running in dev mode on port 3000","timestamp":"2025-11-01T23:05:43.501Z"}
{"level":"info","message":"Database connected","timestamp":"2025-11-01T23:05:43.509Z"}
{"level":"info","message":"Server running in dev mode on port 3000","timestamp":"2025-11-01T23:06:57.760Z"}
{"level":"info","message":"Database connected","timestamp":"2025-11-01T23:06:57.767Z"}
{"level":"info","message":"Server running in dev mode on port 3000","timestamp":"2025-11-01T23:07:22.438Z"}
{"level":"info","message":"Database connected","timestamp":"2025-11-01T23:07:22.446Z"}
{"level":"info","message":"Server running in dev mode on port 3000","timestamp":"2025-11-01T23:12:44.519Z"}
{"level":"info","message":"Database connected","timestamp":"2025-11-01T23:12:44.528Z"}
{"level":"info","message":"Server running in dev mode on port 3000","timestamp":"2025-11-01T23:12:46.654Z"}
{"level":"info","message":"Database connected","timestamp":"2025-11-01T23:12:46.662Z"}
{"level":"error","message":"Error searching videos: match is not defined","stack":"ReferenceError: match is not defined\n    at exports.searchVideos (/Users/seanjefferies/workspace/video_library/server/src/controllers/videoController.js:63:35)\n    at Layer.handleRequest (/Users/seanjefferies/workspace/video_library/server/node_modules/router/lib/layer.js:152:17)\n    at next (/Users/seanjefferies/workspace/video_library/server/node_modules/router/lib/route.js:157:13)\n    at Route.dispatch (/Users/seanjefferies/workspace/video_library/server/node_modules/router/lib/route.js:117:3)\n    at handle (/Users/seanjefferies/workspace/video_library/server/node_modules/router/index.js:435:11)\n    at Layer.handleRequest (/Users/seanjefferies/workspace/video_library/server/node_modules/router/lib/layer.js:152:17)\n    at /Users/seanjefferies/workspace/video_library/server/node_modules/router/index.js:295:15\n    at processParams (/Users/seanjefferies/workspace/video_library/server/node_modules/router/index.js:582:12)\n    at next (/Users/seanjefferies/workspace/video_library/server/node_modules/router/index.js:291:5)\n    at router.handle (/Users/seanjefferies/workspace/video_library/server/node_modules/router/index.js:186:3)","timestamp":"2025-11-01T23:12:56.780Z"}
{"level":"error","message":"Error searching videos: match is not defined","stack":"ReferenceError: match is not defined\n    at exports.searchVideos (/Users/seanjefferies/workspace/video_library/server/src/controllers/videoController.js:63:35)\n    at Layer.handleRequest (/Users/seanjefferies/workspace/video_library/server/node_modules/router/lib/layer.js:152:17)\n    at next (/Users/seanjefferies/workspace/video_library/server/node_modules/router/lib/route.js:157:13)\n    at Route.dispatch (/Users/seanjefferies/workspace/video_library/server/node_modules/router/lib/route.js:117:3)\n    at handle (/Users/seanjefferies/workspace/video_library/server/node_modules/router/index.js:435:11)\n    at Layer.handleRequest (/Users/seanjefferies/workspace/video_library/server/node_modules/router/lib/layer.js:152:17)\n    at /Users/seanjefferies/workspace/video_library/server/node_modules/router/index.js:295:15\n    at processParams (/Users/seanjefferies/workspace/video_library/server/node_modules/router/index.js:582:12)\n    at next (/Users/seanjefferies/workspace/video_library/server/node_modules/router/index.js:291:5)\n    at router.handle (/Users/seanjefferies/workspace/video_library/server/node_modules/router/index.js:186:3)","timestamp":"2025-11-01T23:13:08.513Z"}
{"level":"info","message":"Server running in dev mode on port 3000","timestamp":"2025-11-01T23:13:38.089Z"}
{"level":"info","message":"Database connected","timestamp":"2025-11-01T23:13:38.099Z"}
{"code":"ER_PARSE_ERROR","errno":1064,"level":"error","message":"Error searching videos: You have an error in your SQL syntax; check the manual that corresponds to your MySQL server version for the right syntax to use near '?ORDER BY upload_date DESC' at line 1","sql":"SELECT * FROM videos WHERE title LIKE ?ORDER BY upload_date DESC","sqlMessage":"You have an error in your SQL syntax; check the manual that corresponds to your MySQL server version for the right syntax to use near '?ORDER BY upload_date DESC' at line 1","sqlState":"42000","stack":"Error: You have an error in your SQL syntax; check the manual that corresponds to your MySQL server version for the right syntax to use near '?ORDER BY upload_date DESC' at line 1\n    at PromisePool.execute (/Users/seanjefferies/workspace/video_library/server/node_modules/mysql2/lib/promise/pool.js:54:22)\n    at exports.searchVideos (/Users/seanjefferies/workspace/video_library/server/src/controllers/videoController.js:68:35)\n    at Layer.handleRequest (/Users/seanjefferies/workspace/video_library/server/node_modules/router/lib/layer.js:152:17)\n    at next (/Users/seanjefferies/workspace/video_library/server/node_modules/router/lib/route.js:157:13)\n    at Route.dispatch (/Users/seanjefferies/workspace/video_library/server/node_modules/router/lib/route.js:117:3)\n    at handle (/Users/seanjefferies/workspace/video_library/server/node_modules/router/index.js:435:11)\n    at Layer.handleRequest (/Users/seanjefferies/workspace/video_library/server/node_modules/router/lib/layer.js:152:17)\n    at /Users/seanjefferies/workspace/video_library/server/node_modules/router/index.js:295:15\n    at processParams (/Users/seanjefferies/workspace/video_library/server/node_modules/router/index.js:582:12)\n    at next (/Users/seanjefferies/workspace/video_library/server/node_modules/router/index.js:291:5)","timestamp":"2025-11-01T23:13:41.076Z"}
{"level":"info","message":"Server running in dev mode on port 3000","timestamp":"2025-11-01T23:16:55.469Z"}
{"level":"info","message":"Database connected","timestamp":"2025-11-01T23:16:55.479Z"}
{"level":"info","message":"Server running in dev mode on port 3000","timestamp":"2025-11-01T23:17:10.833Z"}
{"level":"info","message":"Database connected","timestamp":"2025-11-01T23:17:10.840Z"}
